<?xml version="1.0" encoding="UTF-8"?>
<!-- Generated by org.testng.reporters.JUnitReportReporter -->
<testsuite hostname="LAPTOP-25HJB1CK" failures="0" tests="1" name="com.cucumber.test.CucumberRunner" time="7.689" errors="0" timestamp="2022-11-27T15:45:36 EST" skipped="0">
  <testcase classname="com.cucumber.test.CucumberRunner" name="runScenario" time="7.689"/>
  <system-out/>
</testsuite> <!-- com.cucumber.test.CucumberRunner -->
