<?xml version="1.0" encoding="UTF-8"?>
<!-- Generated by org.testng.reporters.JUnitReportReporter -->
<testsuite hostname="LAPTOP-25HJB1CK" failures="0" tests="1" name="com.cucumber.test.CucumberRunner" time="11.605" errors="0" timestamp="2022-11-22T19:31:42 EST" skipped="0">
  <testcase classname="com.cucumber.test.CucumberRunner" name="runScenario" time="11.605"/>
  <system-out/>
</testsuite> <!-- com.cucumber.test.CucumberRunner -->
